Using pre-set license
Built from '2021.3/staging' branch; Version is '2021.3.16f1 (4016570cf34f) revision 4200023'; Using compiler version '192829333'; Build Type 'Release'
OS: 'Windows 11  (10.0.22621) 64bit Professional' Language: 'tr' Physical Memory: 16332 MB
BatchMode: 1, IsHumanControllingUs: 0, StartBugReporterOnCrash: 0, Is64bit: 1, IsPro: 1

COMMAND LINE ARGUMENTS:
D:\Unity\Unity Hub\2021.3.16f1\Editor\Unity.exe
-adb2
-batchMode
-noUpm
-name
AssetImportWorker0
-projectPath
C:/Users/kursa/CubeSurferClone
-logFile
Logs/AssetImportWorker0.log
-srvPort
65380
Successfully changed project path to: C:/Users/kursa/CubeSurferClone
C:/Users/kursa/CubeSurferClone
[UnityMemory] Configuration Parameters - Can be set up in boot.config
    "memorysetup-bucket-allocator-granularity=16"
    "memorysetup-bucket-allocator-bucket-count=8"
    "memorysetup-bucket-allocator-block-size=33554432"
    "memorysetup-bucket-allocator-block-count=8"
    "memorysetup-main-allocator-block-size=16777216"
    "memorysetup-thread-allocator-block-size=16777216"
    "memorysetup-gfx-main-allocator-block-size=16777216"
    "memorysetup-gfx-thread-allocator-block-size=16777216"
    "memorysetup-cache-allocator-block-size=4194304"
    "memorysetup-typetree-allocator-block-size=2097152"
    "memorysetup-profiler-bucket-allocator-granularity=16"
    "memorysetup-profiler-bucket-allocator-bucket-count=8"
    "memorysetup-profiler-bucket-allocator-block-size=33554432"
    "memorysetup-profiler-bucket-allocator-block-count=8"
    "memorysetup-profiler-allocator-block-size=16777216"
    "memorysetup-profiler-editor-allocator-block-size=1048576"
    "memorysetup-temp-allocator-size-main=16777216"
    "memorysetup-job-temp-allocator-block-size=2097152"
    "memorysetup-job-temp-allocator-block-size-background=1048576"
    "memorysetup-job-temp-allocator-reduction-small-platforms=262144"
    "memorysetup-temp-allocator-size-background-worker=32768"
    "memorysetup-temp-allocator-size-job-worker=262144"
    "memorysetup-temp-allocator-size-preload-manager=33554432"
    "memorysetup-temp-allocator-size-nav-mesh-worker=65536"
    "memorysetup-temp-allocator-size-audio-worker=65536"
    "memorysetup-temp-allocator-size-cloud-worker=32768"
    "memorysetup-temp-allocator-size-gi-baking-worker=262144"
    "memorysetup-temp-allocator-size-gfx=262144"
Player connection [18000] Host "[IP] 192.168.0.27 [Port] 0 [Flags] 2 [Guid] 3050555805 [EditorId] 3050555805 [Version] 1048832 [Id] WindowsEditor(7,DESKTOP-AH8SVRG) [Debug] 1 [PackageName] WindowsEditor [ProjectName] Editor" joined multi-casting on [225.0.0.222:54997]...

Player connection [18000] Host "[IP] 192.168.0.27 [Port] 0 [Flags] 2 [Guid] 3050555805 [EditorId] 3050555805 [Version] 1048832 [Id] WindowsEditor(7,DESKTOP-AH8SVRG) [Debug] 1 [PackageName] WindowsEditor [ProjectName] Editor" joined alternative multi-casting on [225.0.0.222:34997]...

Refreshing native plugins compatible for Editor in 92.94 ms, found 3 plugins.
Preloading 0 native plugins for Editor in 0.00 ms.
Initialize engine version: 2021.3.16f1 (4016570cf34f)
[Subsystems] Discovering subsystems at path D:/Unity/Unity Hub/2021.3.16f1/Editor/Data/Resources/UnitySubsystems
[Subsystems] Discovering subsystems at path C:/Users/kursa/CubeSurferClone/Assets
GfxDevice: creating device client; threaded=0; jobified=0
Direct3D:
    Version:  Direct3D 11.0 [level 11.1]
    Renderer: NVIDIA GeForce GTX 1660 SUPER (ID=0x21c4)
    Vendor:   NVIDIA
    VRAM:     5992 MB
    Driver:   31.0.15.1694
Initialize mono
Mono path[0] = 'D:/Unity/Unity Hub/2021.3.16f1/Editor/Data/Managed'
Mono path[1] = 'D:/Unity/Unity Hub/2021.3.16f1/Editor/Data/MonoBleedingEdge/lib/mono/unityjit-win32'
Mono config path = 'D:/Unity/Unity Hub/2021.3.16f1/Editor/Data/MonoBleedingEdge/etc'
Using monoOptions --debugger-agent=transport=dt_socket,embedding=1,server=y,suspend=n,address=127.0.0.1:56024
Begin MonoManager ReloadAssembly
Registering precompiled unity dll's ...
Register platform support module: D:/Unity/Unity Hub/2021.3.16f1/Editor/Data/PlaybackEngines/AndroidPlayer/UnityEditor.Android.Extensions.dll
Register platform support module: D:/Unity/Unity Hub/2021.3.16f1/Editor/Data/PlaybackEngines/iOSSupport/UnityEditor.iOS.Extensions.dll
Register platform support module: D:/Unity/Unity Hub/2021.3.16f1/Editor/Data/PlaybackEngines/WindowsStandaloneSupport/UnityEditor.WindowsStandalone.Extensions.dll
Register platform support module: D:/Unity/Unity Hub/2021.3.16f1/Editor/Data/PlaybackEngines/MetroSupport/UnityEditor.UWP.Extensions.dll
Registered in 0.003684 seconds.
Native extension for UWP target not found
Native extension for WindowsStandalone target not found
[usbmuxd] Start listen thread
[usbmuxd] Listen thread started
Native extension for iOS target not found
Native extension for Android target not found
Refreshing native plugins compatible for Editor in 94.15 ms, found 3 plugins.
Preloading 0 native plugins for Editor in 0.00 ms.
Mono: successfully reloaded assembly
- Completed reload, in  1.062 seconds
Domain Reload Profiling:
	ReloadAssembly (1063ms)
		BeginReloadAssembly (82ms)
			ExecutionOrderSort (0ms)
			DisableScriptedObjects (0ms)
			BackupInstance (0ms)
			ReleaseScriptingObjects (0ms)
			CreateAndSetChildDomain (1ms)
		EndReloadAssembly (761ms)
			LoadAssemblies (82ms)
			RebuildTransferFunctionScriptingTraits (0ms)
			SetupTypeCache (283ms)
			ReleaseScriptCaches (0ms)
			RebuildScriptCaches (29ms)
			SetupLoadedEditorAssemblies (396ms)
				LogAssemblyErrors (0ms)
				InitializePlatformSupportModulesInManaged (95ms)
				SetLoadedEditorAssemblies (0ms)
				RefreshPlugins (94ms)
				BeforeProcessingInitializeOnLoad (1ms)
				ProcessInitializeOnLoadAttributes (130ms)
				ProcessInitializeOnLoadMethodAttributes (75ms)
				AfterProcessingInitializeOnLoad (0ms)
				EditorAssembliesLoaded (0ms)
			ExecutionOrderSort2 (0ms)
			AwakeInstancesAfterBackupRestoration (0ms)
Platform modules already initialized, skipping
Registering precompiled user dll's ...
Registered in 0.007819 seconds.
Android Extension - Scanning For ADB Devices 5000 ms
Begin MonoManager ReloadAssembly
Symbol file LoadedFromMemory doesn't match image C:\Users\kursa\CubeSurferClone\Library\PackageCache\com.unity.visualscripting@1.7.8\Editor\VisualScripting.Core\Dependencies\YamlDotNet\Unity.VisualScripting.YamlDotNet.dll
Symbol file LoadedFromMemory doesn't match image C:\Users\kursa\CubeSurferClone\Library\PackageCache\com.unity.visualscripting@1.7.8\Editor\VisualScripting.Core\Dependencies\DotNetZip\Unity.VisualScripting.IonicZip.dll
Native extension for UWP target not found
Native extension for WindowsStandalone target not found
Native extension for iOS target not found
Native extension for Android target not found
Refreshing native plugins compatible for Editor in 0.63 ms, found 3 plugins.
Preloading 0 native plugins for Editor in 0.00 ms.
Mono: successfully reloaded assembly
- Completed reload, in  1.344 seconds
Domain Reload Profiling:
	ReloadAssembly (1345ms)
		BeginReloadAssembly (126ms)
			ExecutionOrderSort (0ms)
			DisableScriptedObjects (9ms)
			BackupInstance (0ms)
			ReleaseScriptingObjects (0ms)
			CreateAndSetChildDomain (24ms)
		EndReloadAssembly (1087ms)
			LoadAssemblies (95ms)
			RebuildTransferFunctionScriptingTraits (0ms)
			SetupTypeCache (440ms)
			ReleaseScriptCaches (1ms)
			RebuildScriptCaches (64ms)
			SetupLoadedEditorAssemblies (443ms)
				LogAssemblyErrors (0ms)
				InitializePlatformSupportModulesInManaged (26ms)
				SetLoadedEditorAssemblies (1ms)
				RefreshPlugins (1ms)
				BeforeProcessingInitializeOnLoad (94ms)
				ProcessInitializeOnLoadAttributes (285ms)
				ProcessInitializeOnLoadMethodAttributes (33ms)
				AfterProcessingInitializeOnLoad (4ms)
				EditorAssembliesLoaded (0ms)
			ExecutionOrderSort2 (0ms)
			AwakeInstancesAfterBackupRestoration (8ms)
Platform modules already initialized, skipping
========================================================================
Worker process is ready to serve import requests
Launched and connected shader compiler UnityShaderCompiler.exe after 0.05 seconds
Refreshing native plugins compatible for Editor in 1.12 ms, found 3 plugins.
Preloading 0 native plugins for Editor in 0.00 ms.
Unloading 3366 Unused Serialized files (Serialized files now loaded: 0)
Unloading 27 unused Assets / (113.8 KB). Loaded Objects now: 3839.
Memory consumption went from 128.7 MB to 128.6 MB.
Total: 6.032700 ms (FindLiveObjects: 0.510700 ms CreateObjectMapping: 0.168900 ms MarkObjects: 5.136900 ms  DeleteObjects: 0.214100 ms)

AssetImportParameters requested are different than current active one (requested -> active):
  custom:video-decoder-ogg-theora: a1e56fd34408186e4bbccfd4996cb3dc -> 
  custom:container-muxer-webm: aa71ff27fc2769a1b78a27578f13a17b -> 
  custom:container-demuxer-webm: 4f35f7cbe854078d1ac9338744f61a02 -> 
  custom:video-encoder-webm-vp8: eb34c28f22e8b96e1ab97ce403110664 -> 
  custom:audio-encoder-webm-vorbis: bf7c407c2cedff20999df2af8eb42d56 -> 
  custom:framework-win-MediaFoundation: 216162199b28c13a410421893ffa2e32 -> 
  custom:container-demuxer-ogg: 62fdf1f143b41e24485cea50d1cbac27 -> 
  custom:video-decoder-webm-vp8: 9c59270c3fd7afecdb556c50c9e8de78 -> 
  custom:audio-decoder-ogg-vorbis: bf7c407c2cedff20999df2af8eb42d56 -> 
========================================================================
Received Import Request.
  Time since last request: 368281.198994 seconds.
  path: Assets
  artifactKey: Guid(00000000000000001000000000000000) Importer(815301076,1909f56bfc062723c751e8b465ee728b)
Start importing Assets using Guid(00000000000000001000000000000000) Importer(815301076,1909f56bfc062723c751e8b465ee728b)  -> (artifact id: '79842766b460edbeab6a34051e857a80') in 0.010775 seconds 
========================================================================
Received Import Request.
  Time since last request: 22.231964 seconds.
  path: Assets/Materials
  artifactKey: Guid(80745cca5ab849840a5091565e46b837) Importer(815301076,1909f56bfc062723c751e8b465ee728b)
Start importing Assets/Materials using Guid(80745cca5ab849840a5091565e46b837) Importer(815301076,1909f56bfc062723c751e8b465ee728b)  -> (artifact id: 'd15a806b4dafd8bbf0b78a069f6e8422') in 0.005812 seconds 
========================================================================
Received Import Request.
  Time since last request: 26.747970 seconds.
  path: Assets/Material
  artifactKey: Guid(80745cca5ab849840a5091565e46b837) Importer(815301076,1909f56bfc062723c751e8b465ee728b)
Start importing Assets/Material using Guid(80745cca5ab849840a5091565e46b837) Importer(815301076,1909f56bfc062723c751e8b465ee728b)  -> (artifact id: 'ac98a46de5b79d086f94c6aec1cb8a89') in 0.006333 seconds 
========================================================================
Received Import Request.
  Time since last request: 11.320773 seconds.
  path: Assets/Material/Engel.mat
  artifactKey: Guid(6594ccb218bc9e143a969a42b0608ee8) Importer(815301076,1909f56bfc062723c751e8b465ee728b)
Start importing Assets/Material/Engel.mat using Guid(6594ccb218bc9e143a969a42b0608ee8) Importer(815301076,1909f56bfc062723c751e8b465ee728b)  -> (artifact id: '2dc8912c41fa35b0ec66182e30a3b6d5') in 0.350046 seconds 
========================================================================
Received Import Request.
  Time since last request: 1.064053 seconds.
  path: Assets/Material/Engel 1.mat
  artifactKey: Guid(cef976660bba5b841bd32e5a07e41f28) Importer(815301076,1909f56bfc062723c751e8b465ee728b)
Start importing Assets/Material/Engel 1.mat using Guid(cef976660bba5b841bd32e5a07e41f28) Importer(815301076,1909f56bfc062723c751e8b465ee728b)  -> (artifact id: '082d2ee09e5c25ecea8b195916915f32') in 0.011616 seconds 
========================================================================
Received Import Request.
  Time since last request: 0.407425 seconds.
  path: Assets/Material/Engel 2.mat
  artifactKey: Guid(e48556a1a5400694d9ac637d15760bf8) Importer(815301076,1909f56bfc062723c751e8b465ee728b)
Start importing Assets/Material/Engel 2.mat using Guid(e48556a1a5400694d9ac637d15760bf8) Importer(815301076,1909f56bfc062723c751e8b465ee728b)  -> (artifact id: '82971949cf7bc0c5af99ec40c3e7eb78') in 0.011716 seconds 
========================================================================
Received Import Request.
  Time since last request: 1.685460 seconds.
  path: Assets/Material/Engel 3.mat
  artifactKey: Guid(bbc024ea84d33394385c17c2e4f39298) Importer(815301076,1909f56bfc062723c751e8b465ee728b)
Start importing Assets/Material/Engel 3.mat using Guid(bbc024ea84d33394385c17c2e4f39298) Importer(815301076,1909f56bfc062723c751e8b465ee728b)  -> (artifact id: '6c51bc54eac73742183b0c84a65a4055') in 0.011961 seconds 
========================================================================
Received Import Request.
  Time since last request: 3.838016 seconds.
  path: Assets/Material/Küp.mat
  artifactKey: Guid(bbc024ea84d33394385c17c2e4f39298) Importer(815301076,1909f56bfc062723c751e8b465ee728b)
Start importing Assets/Material/Küp.mat using Guid(bbc024ea84d33394385c17c2e4f39298) Importer(815301076,1909f56bfc062723c751e8b465ee728b)  -> (artifact id: '30dec879ba02ba9305dfc267b1bfb958') in 0.011582 seconds 
========================================================================
Received Import Request.
  Time since last request: 5.068864 seconds.
  path: Assets/Material/Platform.mat
  artifactKey: Guid(e48556a1a5400694d9ac637d15760bf8) Importer(815301076,1909f56bfc062723c751e8b465ee728b)
Start importing Assets/Material/Platform.mat using Guid(e48556a1a5400694d9ac637d15760bf8) Importer(815301076,1909f56bfc062723c751e8b465ee728b)  -> (artifact id: 'be4bb7f18cd90abe229f2df96e5e948f') in 0.010954 seconds 
========================================================================
Received Import Request.
  Time since last request: 6.841982 seconds.
  path: Assets/Material/Sahte Gökyüzü.mat
  artifactKey: Guid(cef976660bba5b841bd32e5a07e41f28) Importer(815301076,1909f56bfc062723c751e8b465ee728b)
Start importing Assets/Material/Sahte Gökyüzü.mat using Guid(cef976660bba5b841bd32e5a07e41f28) Importer(815301076,1909f56bfc062723c751e8b465ee728b)  -> (artifact id: '3df6e684b5fef3010a23583f39e87a3e') in 0.011473 seconds 
========================================================================
Received Import Request.
  Time since last request: 11.217045 seconds.
  path: Assets/Material/SahteGökyüzü.mat
  artifactKey: Guid(cef976660bba5b841bd32e5a07e41f28) Importer(815301076,1909f56bfc062723c751e8b465ee728b)
Start importing Assets/Material/SahteGökyüzü.mat using Guid(cef976660bba5b841bd32e5a07e41f28) Importer(815301076,1909f56bfc062723c751e8b465ee728b)  -> (artifact id: '2f1177c7491324c1c101f4cea05f29ca') in 0.011360 seconds 
========================================================================
Received Import Request.
  Time since last request: 355.586205 seconds.
  path: Assets/Supercyan Character Pack Free Sample/Prefabs
  artifactKey: Guid(95a779c7172f3a44c95f30305823626f) Importer(815301076,1909f56bfc062723c751e8b465ee728b)
Start importing Assets/Supercyan Character Pack Free Sample/Prefabs using Guid(95a779c7172f3a44c95f30305823626f) Importer(815301076,1909f56bfc062723c751e8b465ee728b)  -> (artifact id: '5683787d20a7fb109bef660e442aec58') in 0.007439 seconds 
========================================================================
Received Import Request.
  Time since last request: 1.072240 seconds.
  path: Assets/Supercyan Character Pack Free Sample/Prefabs/Simple Movement
  artifactKey: Guid(a6b443b6b679b384a88c720a5f4fa1c0) Importer(815301076,1909f56bfc062723c751e8b465ee728b)
Start importing Assets/Supercyan Character Pack Free Sample/Prefabs/Simple Movement using Guid(a6b443b6b679b384a88c720a5f4fa1c0) Importer(815301076,1909f56bfc062723c751e8b465ee728b)  -> (artifact id: '1706a18f6cda004f7872ffbe2ba941c3') in 0.006048 seconds 
========================================================================
Received Import Request.
  Time since last request: 0.887953 seconds.
  path: Assets/Supercyan Character Pack Free Sample/Prefabs/Base
  artifactKey: Guid(0ab18ef640fc1e14abd86fbd0d9eee67) Importer(815301076,1909f56bfc062723c751e8b465ee728b)
Start importing Assets/Supercyan Character Pack Free Sample/Prefabs/Base using Guid(0ab18ef640fc1e14abd86fbd0d9eee67) Importer(815301076,1909f56bfc062723c751e8b465ee728b)  -> (artifact id: '626fc3e6dd92ef80cf544501a7412835') in 0.006151 seconds 
========================================================================
Received Import Request.
  Time since last request: 0.513948 seconds.
  path: Assets/Supercyan Character Pack Free Sample/Prefabs/Base/High Quality
  artifactKey: Guid(d729f54eafc8cd1469a4611c5fd9619c) Importer(815301076,1909f56bfc062723c751e8b465ee728b)
Start importing Assets/Supercyan Character Pack Free Sample/Prefabs/Base/High Quality using Guid(d729f54eafc8cd1469a4611c5fd9619c) Importer(815301076,1909f56bfc062723c751e8b465ee728b)  -> (artifact id: '50b592b5c856dc8eb0e779671737663e') in 0.006230 seconds 
========================================================================
Received Import Request.
  Time since last request: 0.031904 seconds.
  path: Assets/Supercyan Character Pack Free Sample/Prefabs/Base/High Quality/MaleFree1.prefab
  artifactKey: Guid(313ad0ef31f75b84f9f31c0528802fdd) Importer(815301076,1909f56bfc062723c751e8b465ee728b)
Start importing Assets/Supercyan Character Pack Free Sample/Prefabs/Base/High Quality/MaleFree1.prefab using Guid(313ad0ef31f75b84f9f31c0528802fdd) Importer(815301076,1909f56bfc062723c751e8b465ee728b)  -> (artifact id: 'e142b5b7dfd2f80ecd21424145d903f7') in 0.195277 seconds 
========================================================================
Received Import Request.
  Time since last request: 177.598077 seconds.
  path: Assets/Supercyan Character Pack Free Sample/AnimatorControllers
  artifactKey: Guid(fadac511d02fbbc41875c032a750394d) Importer(815301076,1909f56bfc062723c751e8b465ee728b)
Start importing Assets/Supercyan Character Pack Free Sample/AnimatorControllers using Guid(fadac511d02fbbc41875c032a750394d) Importer(815301076,1909f56bfc062723c751e8b465ee728b)  -> (artifact id: 'e77354b2709c92cd596b5faf37573b39') in 0.007249 seconds 
========================================================================
Received Import Request.
  Time since last request: 0.700293 seconds.
  path: Assets/Supercyan Character Pack Free Sample/Animations
  artifactKey: Guid(4c5d889290f821e4f9d3a1cdfddf771b) Importer(815301076,1909f56bfc062723c751e8b465ee728b)
Start importing Assets/Supercyan Character Pack Free Sample/Animations using Guid(4c5d889290f821e4f9d3a1cdfddf771b) Importer(815301076,1909f56bfc062723c751e8b465ee728b)  -> (artifact id: '9d665231d4fead2acd3aef86fab3acb5') in 0.006552 seconds 
========================================================================
Received Import Request.
  Time since last request: 0.188931 seconds.
  path: Assets/Supercyan Character Pack Free Sample/Animations/common_people@backwards-run.FBX
  artifactKey: Guid(478fe807cc09b09448250cacc1ab8eb8) Importer(815301076,1909f56bfc062723c751e8b465ee728b)
Start importing Assets/Supercyan Character Pack Free Sample/Animations/common_people@backwards-run.FBX using Guid(478fe807cc09b09448250cacc1ab8eb8) Importer(815301076,1909f56bfc062723c751e8b465ee728b)  -> (artifact id: '18759210b9657a71f18ee4c882dec265') in 0.267874 seconds 
========================================================================
Received Import Request.
  Time since last request: 0.000028 seconds.
  path: Assets/Supercyan Character Pack Free Sample/Animations/common_people@idle.FBX
  artifactKey: Guid(10cbb0afa2a98564a983cdaf3c1b7551) Importer(815301076,1909f56bfc062723c751e8b465ee728b)
Start importing Assets/Supercyan Character Pack Free Sample/Animations/common_people@idle.FBX using Guid(10cbb0afa2a98564a983cdaf3c1b7551) Importer(815301076,1909f56bfc062723c751e8b465ee728b)  -> (artifact id: 'd3bebf221066d06171b2f35a1ac6b973') in 0.022313 seconds 
========================================================================
Received Import Request.
  Time since last request: 0.000034 seconds.
  path: Assets/Supercyan Character Pack Free Sample/Animations/common_people@walk.FBX
  artifactKey: Guid(77d7842e2139f594bb31c3c63d1ad4b4) Importer(815301076,1909f56bfc062723c751e8b465ee728b)
Start importing Assets/Supercyan Character Pack Free Sample/Animations/common_people@walk.FBX using Guid(77d7842e2139f594bb31c3c63d1ad4b4) Importer(815301076,1909f56bfc062723c751e8b465ee728b)  -> (artifact id: 'feca06a9901de6351ea98dc49467914b') in 0.023402 seconds 
========================================================================
Received Import Request.
  Time since last request: 0.000033 seconds.
  path: Assets/Supercyan Character Pack Free Sample/Animations/common_people@run.FBX
  artifactKey: Guid(587fb8efeff01634aa9ce8a5af77911a) Importer(815301076,1909f56bfc062723c751e8b465ee728b)
Start importing Assets/Supercyan Character Pack Free Sample/Animations/common_people@run.FBX using Guid(587fb8efeff01634aa9ce8a5af77911a) Importer(815301076,1909f56bfc062723c751e8b465ee728b)  -> (artifact id: 'd856b42d3e5b906c0d13e968d37249e2') in 0.027331 seconds 
========================================================================
Received Import Request.
  Time since last request: 0.000021 seconds.
  path: Assets/Supercyan Character Pack Free Sample/Animations/common_people@pickup.FBX
  artifactKey: Guid(b3662f281ce0fd5449670a910110afc4) Importer(815301076,1909f56bfc062723c751e8b465ee728b)
Start importing Assets/Supercyan Character Pack Free Sample/Animations/common_people@pickup.FBX using Guid(b3662f281ce0fd5449670a910110afc4) Importer(815301076,1909f56bfc062723c751e8b465ee728b)  -> (artifact id: 'bc502a57c26500e47ac8b23b50e3146e') in 0.022295 seconds 
========================================================================
Received Import Request.
  Time since last request: 0.000022 seconds.
  path: Assets/Supercyan Character Pack Free Sample/Animations/common_people@jump-float.FBX
  artifactKey: Guid(a61a057436c775f449fcb20e89101739) Importer(815301076,1909f56bfc062723c751e8b465ee728b)
Start importing Assets/Supercyan Character Pack Free Sample/Animations/common_people@jump-float.FBX using Guid(a61a057436c775f449fcb20e89101739) Importer(815301076,1909f56bfc062723c751e8b465ee728b)  -> (artifact id: '3cb61e0fcd6eca9df1b1eaee5052f427') in 0.024891 seconds 
========================================================================
Received Import Request.
  Time since last request: 0.000022 seconds.
  path: Assets/Supercyan Character Pack Free Sample/Animations/common_people@wave.FBX
  artifactKey: Guid(09f13c3460d45ed43862ef43c7ddedb1) Importer(815301076,1909f56bfc062723c751e8b465ee728b)
Start importing Assets/Supercyan Character Pack Free Sample/Animations/common_people@wave.FBX using Guid(09f13c3460d45ed43862ef43c7ddedb1) Importer(815301076,1909f56bfc062723c751e8b465ee728b)  -> (artifact id: '2555199195981f4dd7e7e2ff8332163c') in 0.023451 seconds 
========================================================================
Received Import Request.
  Time since last request: 0.000033 seconds.
  path: Assets/Supercyan Character Pack Free Sample/Animations/common_people@jump-down.FBX
  artifactKey: Guid(e128858833d96dd46adee36a45c805cd) Importer(815301076,1909f56bfc062723c751e8b465ee728b)
Start importing Assets/Supercyan Character Pack Free Sample/Animations/common_people@jump-down.FBX using Guid(e128858833d96dd46adee36a45c805cd) Importer(815301076,1909f56bfc062723c751e8b465ee728b)  -> (artifact id: '6e6e7cc9b3c2a099097db07b082cf9e4') in 0.024269 seconds 
========================================================================
Received Import Request.
  Time since last request: 0.000028 seconds.
  path: Assets/Supercyan Character Pack Free Sample/Animations/common_people@mpose.FBX
  artifactKey: Guid(45d480461bbdc704587e117329ce8e69) Importer(815301076,1909f56bfc062723c751e8b465ee728b)
Start importing Assets/Supercyan Character Pack Free Sample/Animations/common_people@mpose.FBX using Guid(45d480461bbdc704587e117329ce8e69) Importer(815301076,1909f56bfc062723c751e8b465ee728b)  -> (artifact id: '29d923db0e6167a875ff70dc34bd63c3') in 0.029186 seconds 
========================================================================
Received Import Request.
  Time since last request: 0.000021 seconds.
  path: Assets/Supercyan Character Pack Free Sample/Animations/common_people@jump-up.FBX
  artifactKey: Guid(441579d7f72cae545a24352282ac90e0) Importer(815301076,1909f56bfc062723c751e8b465ee728b)
Start importing Assets/Supercyan Character Pack Free Sample/Animations/common_people@jump-up.FBX using Guid(441579d7f72cae545a24352282ac90e0) Importer(815301076,1909f56bfc062723c751e8b465ee728b)  -> (artifact id: '9dac4b29c56b483d4c53a765696db812') in 0.024987 seconds 
========================================================================
Received Prepare
Registering precompiled user dll's ...
Registered in 0.007509 seconds.
Begin MonoManager ReloadAssembly
Symbol file LoadedFromMemory doesn't match image C:\Users\kursa\CubeSurferClone\Library\PackageCache\com.unity.visualscripting@1.7.8\Editor\VisualScripting.Core\Dependencies\YamlDotNet\Unity.VisualScripting.YamlDotNet.dll
Symbol file LoadedFromMemory doesn't match image C:\Users\kursa\CubeSurferClone\Library\PackageCache\com.unity.visualscripting@1.7.8\Editor\VisualScripting.Core\Dependencies\DotNetZip\Unity.VisualScripting.IonicZip.dll
Native extension for UWP target not found
Native extension for WindowsStandalone target not found
Native extension for iOS target not found
Native extension for Android target not found
Refreshing native plugins compatible for Editor in 0.54 ms, found 3 plugins.
Preloading 0 native plugins for Editor in 0.00 ms.
Mono: successfully reloaded assembly
- Completed reload, in  1.265 seconds
Domain Reload Profiling:
	ReloadAssembly (1265ms)
		BeginReloadAssembly (153ms)
			ExecutionOrderSort (0ms)
			DisableScriptedObjects (6ms)
			BackupInstance (0ms)
			ReleaseScriptingObjects (0ms)
			CreateAndSetChildDomain (44ms)
		EndReloadAssembly (1003ms)
			LoadAssemblies (107ms)
			RebuildTransferFunctionScriptingTraits (0ms)
			SetupTypeCache (348ms)
			ReleaseScriptCaches (1ms)
			RebuildScriptCaches (57ms)
			SetupLoadedEditorAssemblies (430ms)
				LogAssemblyErrors (0ms)
				InitializePlatformSupportModulesInManaged (43ms)
				SetLoadedEditorAssemblies (1ms)
				RefreshPlugins (1ms)
				BeforeProcessingInitializeOnLoad (76ms)
				ProcessInitializeOnLoadAttributes (270ms)
				ProcessInitializeOnLoadMethodAttributes (35ms)
				AfterProcessingInitializeOnLoad (4ms)
				EditorAssembliesLoaded (0ms)
			ExecutionOrderSort2 (0ms)
			AwakeInstancesAfterBackupRestoration (9ms)
Platform modules already initialized, skipping
Refreshing native plugins compatible for Editor in 2.29 ms, found 3 plugins.
Preloading 0 native plugins for Editor in 0.00 ms.
Unloading 3359 Unused Serialized files (Serialized files now loaded: 0)
Unloading 20 unused Assets / (80.5 KB). Loaded Objects now: 3888.
Memory consumption went from 145.8 MB to 145.7 MB.
Total: 5.445400 ms (FindLiveObjects: 0.299900 ms CreateObjectMapping: 0.081200 ms MarkObjects: 4.905600 ms  DeleteObjects: 0.157600 ms)

AssetImportParameters requested are different than current active one (requested -> active):
  custom:video-decoder-ogg-theora: a1e56fd34408186e4bbccfd4996cb3dc -> 
  custom:container-muxer-webm: aa71ff27fc2769a1b78a27578f13a17b -> 
  custom:container-demuxer-webm: 4f35f7cbe854078d1ac9338744f61a02 -> 
  custom:video-encoder-webm-vp8: eb34c28f22e8b96e1ab97ce403110664 -> 
  custom:audio-encoder-webm-vorbis: bf7c407c2cedff20999df2af8eb42d56 -> 
  custom:framework-win-MediaFoundation: 216162199b28c13a410421893ffa2e32 -> 
  custom:container-demuxer-ogg: 62fdf1f143b41e24485cea50d1cbac27 -> 
  custom:video-decoder-webm-vp8: 9c59270c3fd7afecdb556c50c9e8de78 -> 
  custom:audio-decoder-ogg-vorbis: bf7c407c2cedff20999df2af8eb42d56 -> 
Editor requested this worker to shutdown with reason: Scaling down because of idle timeout
AssetImportWorker is now disconnected from the server
Process exiting
Exiting without the bug reporter. Application will terminate with return code 0